<?xml version="1.0" encoding="UTF-8"?>
<!-- Generated by org.testng.reporters.JUnitReportReporter -->
<testsuite skipped="0" hostname="DESKTOP-E7FKFB3" name="Test.Google_Test" tests="1" failures="0" timestamp="01 May 2018 15:35:14 GMT" time="21.116" errors="0">
  <testcase name="test" time="21.116" classname="Test.Google_Test"/>
</testsuite> <!-- Test.Google_Test -->
